<?xml version="1.0" encoding="utf-8" standalone="no"?>
<!--This file represents the results of running a test suite-->
<test-results name="E:\Long's Documents\hoc ki 6\Kiem chung phan mem\Do an cuoi ki\Source code\Advising System\UnitTest\bin\Debug\UnitTest.dll" total="1" errors="0" failures="0" not-run="0" inconclusive="0" ignored="0" skipped="0" invalid="0" date="2010-06-28" time="08:22:45">
  <environment nunit-version="2.5.5.10112" clr-version="2.0.50727.3053" os-version="Microsoft Windows NT 5.1.2600 Service Pack 2" platform="Win32NT" cwd="C:\Program Files\NUnit 2.5.5\bin\net-2.0" machine-name="LEVANLONG" user="Le Van Long" user-domain="LEVANLONG" />
  <culture-info current-culture="en-US" current-uiculture="en-US" />
  <test-suite type="Assembly" name="E:\Long's Documents\hoc ki 6\Kiem chung phan mem\Do an cuoi ki\Source code\Advising System\UnitTest\bin\Debug\UnitTest.dll" executed="True" result="Success" success="True" time="0.734" asserts="0">
    <results>
      <test-suite type="Namespace" name="UnitTest" executed="True" result="Success" success="True" time="0.734" asserts="0">
        <results>
          <test-suite type="TestFixture" name="UserModelTest" executed="True" result="Success" success="True" time="0.734" asserts="0">
            <results>
              <test-case name="UnitTest.UserModelTest.GetRoles" executed="True" result="Success" success="True" time="0.719" asserts="6" />
            </results>
          </test-suite>
        </results>
      </test-suite>
    </results>
  </test-suite>
</test-results>